# JRE version: OpenJDK Runtime Environment (11.0.15+10) (build 11.0.15+10-Ubuntu-0ubuntu0.20.04.1)
# Java VM: OpenJDK 64-Bit Server VM (11.0.15+10-Ubuntu-0ubuntu0.20.04.1, mixed mode, sharing, tiered, compressed oops, g1 gc, linux-amd64)
Heap:
 garbage-first heap   total 161792K, used 111976K [0x0000000765e00000, 0x0000000800000000)
  region size 1024K, 88 young (90112K), 3 survivors (3072K)
 Metaspace       used 3222K, capacity 6014K, committed 6272K, reserved 1056768K
  class space    used 352K, capacity 601K, committed 640K, reserved 1048576K
GC Heap History (9 events):
Event: 0,455 GC heap before
{Heap before GC invocations=0 (full 0):
 garbage-first heap   total 161792K, used 15048K [0x0000000765e00000, 0x0000000800000000)
  region size 1024K, 14 young (14336K), 0 survivors (0K)
 Metaspace       used 3038K, capacity 5886K, committed 6016K, reserved 1056768K
  class space    used 352K, capacity 601K, committed 640K, reserved 1048576K
}
Event: 0,463 GC heap after
{Heap after GC invocations=1 (full 0):
 garbage-first heap   total 161792K, used 2954K [0x0000000765e00000, 0x0000000800000000)
  region size 1024K, 2 young (2048K), 2 survivors (2048K)
 Metaspace       used 3038K, capacity 5886K, committed 6016K, reserved 1056768K
  class space    used 352K, capacity 601K, committed 640K, reserved 1048576K
}
Event: 1,418 GC heap before
{Heap before GC invocations=1 (full 0):
 garbage-first heap   total 161792K, used 96138K [0x0000000765e00000, 0x0000000800000000)
  region size 1024K, 93 young (95232K), 2 survivors (2048K)
 Metaspace       used 3174K, capacity 5950K, committed 6272K, reserved 1056768K
  class space    used 352K, capacity 601K, committed 640K, reserved 1048576K
}
Event: 1,436 GC heap after
{Heap after GC invocations=2 (full 0):
 garbage-first heap   total 161792K, used 10106K [0x0000000765e00000, 0x0000000800000000)
  region size 1024K, 9 young (9216K), 9 survivors (9216K)
 Metaspace       used 3174K, capacity 5950K, committed 6272K, reserved 1056768K
  class space    used 352K, capacity 601K, committed 640K, reserved 1048576K
}
Event: 1,985 GC heap before
{Heap before GC invocations=2 (full 0):
 garbage-first heap   total 161792K, used 85882K [0x0000000765e00000, 0x0000000800000000)
  region size 1024K, 83 young (84992K), 9 survivors (9216K)
 Metaspace       used 3187K, capacity 5950K, committed 6272K, reserved 1056768K
  class space    used 352K, capacity 601K, committed 640K, reserved 1048576K
}
Event: 2,012 GC heap after
{Heap after GC invocations=3 (full 0):
 garbage-first heap   total 161792K, used 16693K [0x0000000765e00000, 0x0000000800000000)
  region size 1024K, 7 young (7168K), 7 survivors (7168K)
 Metaspace       used 3187K, capacity 5950K, committed 6272K, reserved 1056768K
  class space    used 352K, capacity 601K, committed 640K, reserved 1048576K
}
Event: 2,698 GC heap before
{Heap before GC invocations=3 (full 0):
 garbage-first heap   total 161792K, used 96565K [0x0000000765e00000, 0x0000000800000000)
  region size 1024K, 86 young (88064K), 7 survivors (7168K)
 Metaspace       used 3221K, capacity 6014K, committed 6272K, reserved 1056768K
  class space    used 352K, capacity 601K, committed 640K, reserved 1048576K
}
Event: 2,716 GC heap after
{Heap after GC invocations=4 (full 0):
 garbage-first heap   total 161792K, used 24936K [0x0000000765e00000, 0x0000000800000000)
  region size 1024K, 8 young (8192K), 8 survivors (8192K)
 Metaspace       used 3221K, capacity 6014K, committed 6272K, reserved 1056768K
  class space    used 352K, capacity 601K, committed 640K, reserved 1048576K
}
Event: 3,468 GC heap before
{Heap before GC invocations=4 (full 0):
 garbage-first heap   total 161792K, used 111976K [0x0000000765e00000, 0x0000000800000000)
  region size 1024K, 93 young (95232K), 8 survivors (8192K)
 Metaspace       used 3222K, capacity 6014K, committed 6272K, reserved 1056768K
  class space    used 352K, capacity 601K, committed 640K, reserved 1048576K
}

